Arguments: 
  /home/ubumax/.nvm/versions/node/v14.18.3/bin/node /home/ubumax/.nvm/versions/node/v14.18.3/bin/yarn add -D tailwindcss postcss autoprefixer

PATH: 
  /home/ubumax/.vscode-server/bin/c3511e6c69bb39013c4a4b7b9566ec1ca73fc4d5/bin/remote-cli:/home/ubumax/.local/bin:/home/ubumax/.nvm/versions/node/v14.18.3/bin:/usr/local/sbin:/usr/local/bin:/usr/sbin:/usr/bin:/sbin:/bin:/usr/games:/usr/local/games:/mnt/c/Windows/system32:/mnt/c/Windows:/mnt/c/Windows/System32/Wbem:/mnt/c/Windows/System32/WindowsPowerShell/v1.0/:/mnt/c/Windows/System32/OpenSSH/:/mnt/c/Program Files/Git/cmd:/mnt/c/Users/max/AppData/Roaming/nvm:/mnt/c/Program Files/nodejs:/mnt/c/Program Files/dotnet/:/mnt/c/Users/max/AppData/Local/Microsoft/WindowsApps:/mnt/c/Users/max/AppData/Local/Programs/Microsoft VS Code/bin:/mnt/c/Users/max/AppData/Roaming/nvm:/mnt/c/Program Files/nodejs:/snap/bin

Yarn version: 
  1.22.17

Node version: 
  14.18.3

Platform: 
  linux x64

Trace: 
  Error: getaddrinfo EAI_AGAIN registry.yarnpkg.com
      at GetAddrInfoReqWrap.onlookup [as oncomplete] (dns.js:71:26)

npm manifest: 
  {
    "name": "nextgrowth",
    "version": "1.0.0",
    "description": "",
    "main": "index.js",
    "scripts": {
      "test": "echo \"Error: no test specified\" && exit 1"
    },
    "keywords": [],
    "author": "",
    "license": "ISC"
  }

yarn manifest: 
  No manifest

Lockfile: 
  # THIS IS AN AUTOGENERATED FILE. DO NOT EDIT THIS FILE DIRECTLY.
  # yarn lockfile v1
